<?xml version="1.0" encoding="UTF-8"?>
<testng-results total="4" passed="4" failed="0" skipped="0">
  <reporter-output>
  </reporter-output>
  <suite started-at="2020-10-30T20:49:40Z" name="Vipparla_TakeHomeExam2" finished-at="2020-10-30T20:49:40Z" duration-ms="27">
    <groups>
    </groups>
    <test started-at="2020-10-30T20:49:40Z" name="TestNG tests" finished-at="2020-10-30T20:49:40Z" duration-ms="27">
      <class name="Question6.TriangleNGTest">
        <test-method is-config="true" signature="setUpClass()[pri:0, instance:Question6.TriangleNGTest@80ec1f8]" started-at="2020-10-30T15:49:40Z" name="setUpClass" finished-at="2020-10-30T15:49:40Z" duration-ms="8" status="PASS">
          <reporter-output>
          </reporter-output>
        </test-method> <!-- setUpClass -->
        <test-method is-config="true" signature="setUpMethod()[pri:0, instance:Question6.TriangleNGTest@80ec1f8]" started-at="2020-10-30T15:49:40Z" name="setUpMethod" finished-at="2020-10-30T15:49:40Z" duration-ms="3" status="PASS">
          <reporter-output>
          </reporter-output>
        </test-method> <!-- setUpMethod -->
        <test-method signature="testGetArea()[pri:0, instance:Question6.TriangleNGTest@80ec1f8]" started-at="2020-10-30T15:49:40Z" name="testGetArea" finished-at="2020-10-30T15:49:40Z" duration-ms="3" status="PASS">
          <reporter-output>
          </reporter-output>
        </test-method> <!-- testGetArea -->
        <test-method is-config="true" signature="tearDownMethod()[pri:0, instance:Question6.TriangleNGTest@80ec1f8]" started-at="2020-10-30T15:49:40Z" name="tearDownMethod" finished-at="2020-10-30T15:49:40Z" duration-ms="0" status="PASS">
          <reporter-output>
          </reporter-output>
        </test-method> <!-- tearDownMethod -->
        <test-method is-config="true" signature="setUpMethod()[pri:0, instance:Question6.TriangleNGTest@80ec1f8]" started-at="2020-10-30T15:49:40Z" name="setUpMethod" finished-at="2020-10-30T15:49:40Z" duration-ms="0" status="PASS">
          <reporter-output>
          </reporter-output>
        </test-method> <!-- setUpMethod -->
        <test-method signature="testGetColor()[pri:0, instance:Question6.TriangleNGTest@80ec1f8]" started-at="2020-10-30T15:49:40Z" name="testGetColor" finished-at="2020-10-30T15:49:40Z" duration-ms="1" status="PASS">
          <reporter-output>
          </reporter-output>
        </test-method> <!-- testGetColor -->
        <test-method is-config="true" signature="tearDownMethod()[pri:0, instance:Question6.TriangleNGTest@80ec1f8]" started-at="2020-10-30T15:49:40Z" name="tearDownMethod" finished-at="2020-10-30T15:49:40Z" duration-ms="0" status="PASS">
          <reporter-output>
          </reporter-output>
        </test-method> <!-- tearDownMethod -->
        <test-method is-config="true" signature="tearDownMethod()[pri:0, instance:Question6.TriangleNGTest@80ec1f8]" started-at="2020-10-30T15:49:40Z" name="tearDownMethod" finished-at="2020-10-30T15:49:40Z" duration-ms="0" status="PASS">
          <reporter-output>
          </reporter-output>
        </test-method> <!-- tearDownMethod -->
        <test-method signature="testGetPerimeter()[pri:0, instance:Question6.TriangleNGTest@80ec1f8]" started-at="2020-10-30T15:49:40Z" name="testGetPerimeter" finished-at="2020-10-30T15:49:40Z" duration-ms="0" status="PASS">
          <reporter-output>
          </reporter-output>
        </test-method> <!-- testGetPerimeter -->
        <test-method is-config="true" signature="setUpMethod()[pri:0, instance:Question6.TriangleNGTest@80ec1f8]" started-at="2020-10-30T15:49:40Z" name="setUpMethod" finished-at="2020-10-30T15:49:40Z" duration-ms="0" status="PASS">
          <reporter-output>
          </reporter-output>
        </test-method> <!-- setUpMethod -->
        <test-method is-config="true" signature="tearDownMethod()[pri:0, instance:Question6.TriangleNGTest@80ec1f8]" started-at="2020-10-30T15:49:40Z" name="tearDownMethod" finished-at="2020-10-30T15:49:40Z" duration-ms="1" status="PASS">
          <reporter-output>
          </reporter-output>
        </test-method> <!-- tearDownMethod -->
        <test-method signature="testIsFilled()[pri:0, instance:Question6.TriangleNGTest@80ec1f8]" started-at="2020-10-30T15:49:40Z" name="testIsFilled" finished-at="2020-10-30T15:49:40Z" duration-ms="0" status="PASS">
          <reporter-output>
          </reporter-output>
        </test-method> <!-- testIsFilled -->
        <test-method is-config="true" signature="setUpMethod()[pri:0, instance:Question6.TriangleNGTest@80ec1f8]" started-at="2020-10-30T15:49:40Z" name="setUpMethod" finished-at="2020-10-30T15:49:40Z" duration-ms="0" status="PASS">
          <reporter-output>
          </reporter-output>
        </test-method> <!-- setUpMethod -->
        <test-method is-config="true" signature="tearDownClass()[pri:0, instance:Question6.TriangleNGTest@80ec1f8]" started-at="2020-10-30T15:49:40Z" name="tearDownClass" finished-at="2020-10-30T15:49:40Z" duration-ms="0" status="PASS">
          <reporter-output>
          </reporter-output>
        </test-method> <!-- tearDownClass -->
      </class> <!-- Question6.TriangleNGTest -->
    </test> <!-- TestNG tests -->
  </suite> <!-- Vipparla_TakeHomeExam2 -->
</testng-results>
